<?xml version="1.0" encoding="UTF-8"?>
<!-- Generated by org.testng.reporters.JUnitXMLReporter -->
<testsuite hostname="H030VT" ignored="0" name="Default test" tests="6" failures="0" timestamp="11 Jun 2019 17:46:46 GMT" time="24.511" errors="0">
  <testcase name="OpenBrowser" time="5.797" classname="Selenium.test"/>
  <testcase name="login" time="18.037" classname="Selenium.test"/>
  <testcase name="TitleCheck" time="0.026" classname="Selenium.test"/>
  <testcase name="Support" time="0.401" classname="Selenium.test"/>
  <testcase name="SourceCode" time="0.205" classname="Selenium.test"/>
  <testcase name="Printing" time="0.001" classname="Selenium.test"/>
</testsuite> <!-- Default test -->
