<?xml version="1.0" encoding="UTF-8"?>
<testng-results skipped="0" failed="0" ignored="0" total="1" passed="1">
  <reporter-output>
  </reporter-output>
  <suite name="Default suite" duration-ms="12085" started-at="2019-06-17T21:23:28Z" finished-at="2019-06-17T21:23:40Z">
    <groups>
    </groups>
    <test name="Default test" duration-ms="12085" started-at="2019-06-17T21:23:28Z" finished-at="2019-06-17T21:23:40Z">
      <class name="testcases.TestFrontEnd">
        <test-method status="PASS" signature="setup()[pri:0, instance:testcases.TestFrontEnd@181e022]" name="setup" is-config="true" duration-ms="5012" started-at="2019-06-17T21:23:28Z" finished-at="2019-06-17T21:23:33Z">
          <reporter-output>
          </reporter-output>
        </test-method> <!-- setup -->
        <test-method status="PASS" signature="login()[pri:0, instance:testcases.TestFrontEnd@181e022]" name="login" duration-ms="7043" started-at="2019-06-17T21:23:33Z" finished-at="2019-06-17T21:23:40Z">
          <reporter-output>
          </reporter-output>
        </test-method> <!-- login -->
      </class> <!-- testcases.TestFrontEnd -->
    </test> <!-- Default test -->
  </suite> <!-- Default suite -->
</testng-results>
