<?xml version="1.0" encoding="UTF-8"?>
<!-- Generated by org.testng.reporters.JUnitXMLReporter -->
<testsuite hostname="H030VT" ignored="0" name="GmailData" tests="8" failures="0" timestamp="11 Jun 2019 18:18:11 GMT" time="73.034" errors="0">
  <testcase name="testData1" time="10.542" classname="Selenium.GmailData"/>
  <testcase name="testData1" time="10.136" classname="Selenium.GmailData"/>
  <testcase name="testData1" time="10.052" classname="Selenium.GmailData"/>
  <testcase name="testData1" time="10.614" classname="Selenium.GmailData"/>
  <testcase name="testData2" time="9.408" classname="Selenium.GmailData"/>
  <testcase name="testData2" time="6.352" classname="Selenium.GmailData"/>
  <testcase name="testData2" time="7.68" classname="Selenium.GmailData"/>
  <testcase name="testData2" time="8.232" classname="Selenium.GmailData"/>
</testsuite> <!-- GmailData -->
