<?xml version="1.0" encoding="UTF-8"?>
<!-- Generated by org.testng.reporters.JUnitXMLReporter -->
<testsuite hostname="H030VT" ignored="0" name="sel-test-listner" tests="2" failures="1" timestamp="02 Jul 2019 21:26:53 GMT" time="14.177" errors="0">
  <testcase name="Login" time="14.106" classname="TestNG.Listner.TestClass"/>
  <testcase name="TestFail" time="0.004" classname="TestNG.Listner.TestClass">
    <failure type="java.lang.AssertionError" message="expected [true] but found [false]">
      <![CDATA[java.lang.AssertionError: expected [true] but found [false]
at TestNG.Listner.TestClass.TestFail(TestClass.java:40)
... Removed 29 stack frames]]>
    </failure>
  </testcase> <!-- TestFail -->
</testsuite> <!-- sel-test-listner -->
