<?xml version="1.0" encoding="UTF-8"?>
<!-- Generated by org.testng.reporters.JUnitXMLReporter -->
<testsuite hostname="H030VT" ignored="0" name="TestAnnotations" tests="3" failures="0" timestamp="11 Jun 2019 18:16:47 GMT" time="5.488" errors="0">
  <testcase name="homePage" time="0.01" classname="Selenium.TestAnnotations$exercise"/>
  <testcase name="hotel" time="0.01" classname="Selenium.TestAnnotations$exercise"/>
  <testcase name="vacations" time="0.006" classname="Selenium.TestAnnotations$exercise"/>
</testsuite> <!-- TestAnnotations -->
