<?xml version="1.0" encoding="UTF-8"?>
<!-- Generated by org.testng.reporters.JUnitXMLReporter -->
<testsuite hostname="H030VT" ignored="0" name="TestAnnotations" tests="3" failures="0" timestamp="04 Jun 2019 20:21:51 GMT" time="5.84" errors="0">
  <testcase name="homePage" time="0.009" classname="Selenium.TestAnnotations$exercise"/>
  <testcase name="hotel" time="0.007" classname="Selenium.TestAnnotations$exercise"/>
  <testcase name="vacations" time="0.007" classname="Selenium.TestAnnotations$exercise"/>
</testsuite> <!-- TestAnnotations -->
