<?xml version="1.0" encoding="UTF-8"?>
<!-- Generated by org.testng.reporters.JUnitXMLReporter -->
<testsuite hostname="H030VT" ignored="0" name="Test" tests="6" failures="0" timestamp="11 Jun 2019 18:16:41 GMT" time="17.964" errors="0">
  <testcase name="OpenBrowser" time="5.374" classname="Selenium.test"/>
  <testcase name="login" time="11.957" classname="Selenium.test"/>
  <testcase name="TitleCheck" time="0.022" classname="Selenium.test"/>
  <testcase name="Support" time="0.402" classname="Selenium.test"/>
  <testcase name="SourceCode" time="0.186" classname="Selenium.test"/>
  <testcase name="Printing" time="0.003" classname="Selenium.test"/>
</testsuite> <!-- Test -->
